<?xml version="1.0" encoding="utf-8"?><testsuites name="pytest tests"><testsuite name="pytest" errors="0" failures="0" skipped="0" tests="11" time="30.140" timestamp="2026-08-25T10:02:57.876662-05:00" hostname="MSI"><testcase classname="tests.windows_e2e.test_replay_rejection" name="test_replay_rejection" time="2.059" /><testcase classname="tests.windows_e2e.test_exactly_once" name="test_exactly_once" time="1.480" /><testcase classname="tests.windows_e2e.test_concurrency" name="test_concurrency" time="2.166" /><testcase classname="tests.windows_e2e.test_transport_failure" name="test_transport_failure" time="15.119" /><testcase classname="tests.windows_e2e.test_lifecycle" name="test_lifecycle" time="1.284" /><testcase classname="tests.test_v5_phase2_authorization_round3.TestAdversarialBinding" name="test_wrong_run_id_denied" time="0.130" /><testcase classname="tests.test_v5_phase2_authorization_round3.TestAdversarialBinding" name="test_wrong_execution_id_denied" time="0.128" /><testcase classname="tests.test_v5_phase2_authorization_round3.TestAdversarialBinding" name="test_wrong_process_denied" time="0.143" /><testcase classname="tests.test_v5_phase2_authorization_round3.TestAdversarialBinding" name="test_wrong_generation_denied" time="0.134" /><testcase classname="tests.test_v5_phase2_authorization_round3.TestAdversarialBinding" name="test_tampered_hmac_denied" time="0.167" /><testcase classname="tests.test_v5_phase2_authorization_round3.TestAdversarialBinding" name="test_expired_lease_denied" time="7.167" /></testsuite></testsuites>