<?xml version="1.0" encoding="utf-8"?><testsuites name="pytest tests"><testsuite name="pytest" errors="0" failures="0" skipped="0" tests="38" time="25.767" timestamp="2026-08-25T13:40:49.123943-05:00" hostname="MSI"><testcase classname="tests.test_v5_phase2_authorization_round3.TestAdversarialBinding" name="test_wrong_run_id_denied" time="0.501" /><testcase classname="tests.test_v5_phase2_authorization_round3.TestAdversarialBinding" name="test_wrong_execution_id_denied" time="0.107" /><testcase classname="tests.test_v5_phase2_authorization_round3.TestAdversarialBinding" name="test_wrong_process_denied" time="0.112" /><testcase classname="tests.test_v5_phase2_authorization_round3.TestAdversarialBinding" name="test_wrong_generation_denied" time="0.104" /><testcase classname="tests.test_v5_phase2_authorization_round3.TestAdversarialBinding" name="test_tampered_hmac_denied" time="0.125" /><testcase classname="tests.test_v5_phase2_authorization_round3.TestAdversarialBinding" name="test_expired_lease_denied" time="2.108" /><testcase classname="tests.test_v5_phase2_authorization_round3.TestAdversarialBinding" name="test_wrong_session_id_denied" time="0.114" /><testcase classname="tests.test_v5_phase2_authorization_round3.TestAdversarialBinding" name="test_wrong_episode_id_denied" time="0.115" /><testcase classname="tests.windows_e2e.test_replay_rejection" name="test_replay_rejection" time="2.089" /><testcase classname="tests.windows_e2e.test_exactly_once" name="test_exactly_once" time="1.505" /><testcase classname="tests.windows_e2e.test_concurrency" name="test_concurrency" time="2.172" /><testcase classname="tests.windows_e2e.test_transport_failure" name="test_transport_failure" time="15.118" /><testcase classname="tests.windows_e2e.test_lifecycle" name="test_lifecycle" time="1.294" /><testcase classname="tests.test_vfinal5_r2_1_canonical_target.TestCanonicalTargetNormalization" name="test_backslash_normalization" time="0.001" /><testcase classname="tests.test_vfinal5_r2_1_canonical_target.TestCanonicalTargetNormalization" name="test_current_directory_normalization" time="0.000" /><testcase classname="tests.test_vfinal5_r2_1_canonical_target.TestCanonicalTargetNormalization" name="test_forward_slash_normalization" time="0.000" /><testcase classname="tests.test_vfinal5_r2_1_canonical_target.TestCanonicalTargetNormalization" name="test_mixed_separator_normalization" time="0.000" /><testcase classname="tests.test_vfinal5_r2_1_canonical_target.TestCanonicalTargetNormalization" name="test_mixed_traversal_normalization" time="0.001" /><testcase classname="tests.test_vfinal5_r2_1_canonical_target.TestCanonicalTargetNormalization" name="test_no_prefix_normalization" time="0.000" /><testcase classname="tests.test_vfinal5_r2_1_canonical_target.TestCanonicalTargetNormalization" name="test_parent_directory_normalization" time="0.001" /><testcase classname="tests.test_vfinal5_r2_1_canonical_target.TestCanonicalTargetNormalization" name="test_redundant_separator_normalization" time="0.000" /><testcase classname="tests.test_vfinal5_r2_1_canonical_target.TestCanonicalTargetNormalization" name="test_remote_prefix_normalization" time="0.000" /><testcase classname="tests.test_vfinal5_r2_1_canonical_target.TestCanonicalTargetNormalization" name="test_repository_prefix_normalization" time="0.000" /><testcase classname="tests.test_vfinal5_r2_1_canonical_target.TestCanonicalTargetNormalization" name="test_traversal_attack_prevention" time="0.000" /><testcase classname="tests.test_vfinal5_r2_1_canonical_target.TestSecurityCriticalTargetRejection" name="test_backslash_authority_target_rejected" time="0.000" /><testcase classname="tests.test_vfinal5_r2_1_canonical_target.TestSecurityCriticalTargetRejection" name="test_backslash_bootstrap_target_rejected" time="0.000" /><testcase classname="tests.test_vfinal5_r2_1_canonical_target.TestSecurityCriticalTargetRejection" name="test_backslash_git_config_target_rejected" time="0.000" /><testcase classname="tests.test_vfinal5_r2_1_canonical_target.TestSecurityCriticalTargetRejection" name="test_backslash_security_target_rejected" time="0.000" /><testcase classname="tests.test_vfinal5_r2_1_canonical_target.TestSecurityCriticalTargetRejection" name="test_backslash_trust_target_rejected" time="0.000" /><testcase classname="tests.test_vfinal5_r2_1_canonical_target.TestSecurityCriticalTargetRejection" name="test_forward_slash_authority_target_rejected" time="0.000" /><testcase classname="tests.test_vfinal5_r2_1_canonical_target.TestSecurityCriticalTargetRejection" name="test_forward_slash_bootstrap_target_rejected" time="0.000" /><testcase classname="tests.test_vfinal5_r2_1_canonical_target.TestSecurityCriticalTargetRejection" name="test_forward_slash_git_config_target_rejected" time="0.000" /><testcase classname="tests.test_vfinal5_r2_1_canonical_target.TestSecurityCriticalTargetRejection" name="test_forward_slash_security_target_rejected" time="0.000" /><testcase classname="tests.test_vfinal5_r2_1_canonical_target.TestSecurityCriticalTargetRejection" name="test_forward_slash_trust_target_rejected" time="0.001" /><testcase classname="tests.test_vfinal5_r2_1_canonical_target.TestSecurityCriticalTargetRejection" name="test_mixed_separator_trust_target_rejected" time="0.001" /><testcase classname="tests.test_vfinal5_r2_1_canonical_target.TestSafeTargetAllowed" name="test_backslash_safe_target_allowed" time="0.001" /><testcase classname="tests.test_vfinal5_r2_1_canonical_target.TestSafeTargetAllowed" name="test_forward_slash_safe_target_allowed" time="0.001" /><testcase classname="tests.test_vfinal5_r2_1_canonical_target.TestSafeTargetAllowed" name="test_mixed_separator_safe_target_allowed" time="0.075" /></testsuite></testsuites>