<?xml version="1.0" encoding="utf-8"?><testsuites name="pytest tests"><testsuite name="pytest" errors="0" failures="0" skipped="0" tests="34" time="3.189" timestamp="2026-08-24T21:46:24.107012-05:00" hostname="MSI"><testcase classname="tests.test_vfinal5_r3_negative_matrix.TestVFINAL5R3PolicyNegativeMatrix" name="test_10_git_config_target_rejects" time="0.383" /><testcase classname="tests.test_vfinal5_r3_negative_matrix.TestVFINAL5R3PolicyNegativeMatrix" name="test_11_safe_target_allowed" time="0.001" /><testcase classname="tests.test_vfinal5_r3_negative_matrix.TestVFINAL5R3PolicyNegativeMatrix" name="test_1_wrong_action_rejects" time="0.001" /><testcase classname="tests.test_vfinal5_r3_negative_matrix.TestVFINAL5R3PolicyNegativeMatrix" name="test_2_wrong_target_rejects" time="0.001" /><testcase classname="tests.test_vfinal5_r3_negative_matrix.TestVFINAL5R3PolicyNegativeMatrix" name="test_3_case_variant_target_rejects" time="0.001" /><testcase classname="tests.test_vfinal5_r3_negative_matrix.TestVFINAL5R3PolicyNegativeMatrix" name="test_4_backslash_target_rejects" time="0.001" /><testcase classname="tests.test_vfinal5_r3_negative_matrix.TestVFINAL5R3PolicyNegativeMatrix" name="test_5_mixed_separator_target_rejects" time="0.001" /><testcase classname="tests.test_vfinal5_r3_negative_matrix.TestVFINAL5R3PolicyNegativeMatrix" name="test_6_traversal_rejects" time="0.001" /><testcase classname="tests.test_vfinal5_r3_negative_matrix.TestVFINAL5R3PolicyNegativeMatrix" name="test_7_trust_target_rejects" time="0.001" /><testcase classname="tests.test_vfinal5_r3_negative_matrix.TestVFINAL5R3PolicyNegativeMatrix" name="test_8_security_target_rejects" time="0.001" /><testcase classname="tests.test_vfinal5_r3_negative_matrix.TestVFINAL5R3PolicyNegativeMatrix" name="test_9_bootstrap_target_rejects" time="0.001" /><testcase classname="tests.test_vfinal5_r3_negative_matrix.TestPlatformIndependentCanonicalization" name="test_case_normalization_all_platforms" time="0.001" /><testcase classname="tests.test_vfinal5_r3_negative_matrix.TestPlatformIndependentCanonicalization" name="test_security_policy_consistency" time="0.001" /><testcase classname="tests.test_vfinal5_r3_negative_matrix.TestAuthorityServiceContextValidation" name="test_context_validation_at_authority_service" time="0.001" /><testcase classname="tests.test_v5_phase2_authority.TestProtocolContract" name="test_authority_request_has_required_fields" time="0.000" /><testcase classname="tests.test_v5_phase2_authority.TestProtocolContract" name="test_authority_response_has_required_fields" time="0.000" /><testcase classname="tests.test_v5_phase2_authority.TestProtocolContract" name="test_protocol_request_types_are_defined" time="0.000" /><testcase classname="tests.test_v5_phase2_authority.TestAuthorityServiceComponent" name="test_authority_service_initializes" time="0.133" /><testcase classname="tests.test_v5_phase2_authority.TestAuthorityServiceComponent" name="test_authority_service_generates_real_secret_key" time="0.125" /><testcase classname="tests.test_v5_phase2_authority.TestAuthorityServiceComponent" name="test_authority_service_persists_secret_key" time="0.180" /><testcase classname="tests.test_v5_phase2_authority.TestAuthorityServiceComponent" name="test_authority_service_persists_generation" time="0.135" /><testcase classname="tests.test_v5_phase2_authority.TestAuthorityServiceComponent" name="test_authority_service_signs_data" time="0.166" /><testcase classname="tests.test_v5_phase2_authority.TestAuthorityServiceComponent" name="test_authority_service_verifies_signature" time="0.175" /><testcase classname="tests.test_v5_phase2_authority.TestAuthorityServiceComponent" name="test_authority_service_creates_lease_state_db" time="0.164" /><testcase classname="tests.test_v5_phase2_authority.TestAuthorityServiceComponent" name="test_authority_service_creates_run_record_db" time="0.158" /><testcase classname="tests.test_v5_phase2_authority.TestRealWindowsIPC" name="test_named_pipe_server_creates_pipe" time="0.183" /><testcase classname="tests.test_v5_phase2_authority.TestRealWindowsIPC" name="test_named_pipe_server_has_explicit_dacl" time="0.170" /><testcase classname="tests.test_v5_phase2_authority.TestMultiprocess" name="test_atomic_consume_rejects_duplicate" time="0.145" /><testcase classname="tests.test_v5_phase2_authority.TestMultiprocess" name="test_stale_generation_rejects_lease" time="0.128" /><testcase classname="tests.test_v5_phase2_authority.TestMultiprocess" name="test_expired_lease_rejected" time="0.152" /><testcase classname="tests.test_v5_phase2_authority.TestAdversarial" name="test_caller_supplied_pid_ignored" time="0.138" /><testcase classname="tests.test_v5_phase2_authority.TestAdversarial" name="test_unknown_request_type_rejected" time="0.116" /><testcase classname="tests.test_v5_phase2_authority.TestAdversarial" name="test_malformed_request_rejected" time="0.124" /><testcase classname="tests.test_v5_phase2_authority.TestAdversarial" name="test_forged_run_id_rejected" time="0.134" /></testsuite></testsuites>